<?xml version="1.0" encoding="UTF-8" ?>
<testsuite tests="6" failures="0" name="com.java.testTest" time="0.06" errors="0" skipped="0">
  <properties>
[...]
</properties>
  <testcase classname="com.java.testTest" name="str_add" time="0.017"/>
  <testcase classname="com.java.testTest" name="str_ch1" time="0"/>
  <testcase classname="com.java.testTest" name="str_ch2" time="0"/>
  <testcase classname="com.java.testTest" name="testMD5" time="0.041"/>
  <testcase classname="com.java.testTest" name="main" time="0.001"/>
  <testcase classname="com.java.testTest" name="str_long" time="0.001"/>
</testsuite>